[2018-03-23 15:26:05] [info] Start Program:
Path:"D:\Facultate\Sem 2\Programare Orientata Obiect\Concurs-static\Debug\Concurs-static.exe"
Arguments:
Working directory: "D:\Facultate\Sem 2\Programare Orientata Obiect\Concurs-static\Concurs-static\"
Modules: Selected: D:\Facultate\Sem 2\Programare Orientata Obiect\Concurs-static\Debug\Concurs-static.exe Excluded: 
Sources: Selected: D:\Facultate\Sem 2\Programare Orientata Obiect\Concurs-static\Concurs-static Excluded: 
Log Level: Normal
Cover Children: 0
Aggregate by file: 1
Continue after C++ exception: 0
Optimized build support: 0
Export: Binary C:\Users\alina\AppData\Local\Temp\w20wmkf0.znk 
Input coverage: 
Unified diff: 
Excluded line regular expressions: 

[2018-03-23 15:26:06] [info] Module: D:\Facultate\Sem 2\Programare Orientata Obiect\Concurs-static\Debug\Concurs-static.exe is selected because it matches selected pattern: D:\Facultate\Sem 2\Programare Orientata Obiect\Concurs-static\Debug\Concurs-static.exe
[2018-03-23 15:26:06] [info] Module: C:\Windows\SysWOW64\ntdll.dll is skipped because it matches no selected patterns
[2018-03-23 15:26:06] [info] Module: C:\Windows\SysWOW64\kernel32.dll is skipped because it matches no selected patterns
[2018-03-23 15:26:06] [info] Module: C:\Windows\SysWOW64\KernelBase.dll is skipped because it matches no selected patterns
[2018-03-23 15:26:06] [info] Module: C:\Windows\SysWOW64\vcruntime140d.dll is skipped because it matches no selected patterns
[2018-03-23 15:26:06] [info] Module: C:\Windows\SysWOW64\ucrtbased.dll is skipped because it matches no selected patterns
[2018-03-23 15:26:08] [info] Module: C:\Windows\SysWOW64\kernel.appcore.dll is skipped because it matches no selected patterns
[2018-03-23 15:26:08] [info] Module: C:\Windows\SysWOW64\msvcrt.dll is skipped because it matches no selected patterns
[2018-03-23 15:26:08] [info] Module: C:\Windows\SysWOW64\rpcrt4.dll is skipped because it matches no selected patterns
[2018-03-23 15:26:08] [info] Module: C:\Windows\SysWOW64\sspicli.dll is skipped because it matches no selected patterns
[2018-03-23 15:26:08] [info] Module: C:\Windows\SysWOW64\cryptbase.dll is skipped because it matches no selected patterns
[2018-03-23 15:26:08] [info] Module: C:\Windows\SysWOW64\bcryptprimitives.dll is skipped because it matches no selected patterns
[2018-03-23 15:26:08] [info] Module: C:\Windows\SysWOW64\sechost.dll is skipped because it matches no selected patterns
[2018-03-23 15:26:08] [info] ----------------------------------------------------
[2018-03-23 15:26:08] [info] Coverage binary generated in file: C:\Users\alina\AppData\Local\Temp\w20wmkf0.znk
[2018-03-23 15:26:08] [info] ----------------------------------------------------
