[2018-03-21 17:33:26] [info] Start Program:
Path:"C:\Users\Alex\Desktop\OOP\lab2-4_static\Debug\lab2-4_static.exe"
Arguments:
Working directory: "C:\Users\Alex\Desktop\OOP\lab2-4_static\lab2-4_static\"
Modules: Selected: C:\Users\Alex\Desktop\OOP\lab2-4_static\Debug\lab2-4_static.exe Excluded: 
Sources: Selected: C:\Users\Alex\Desktop\OOP\lab2-4_static\lab2-4_static Excluded: 
Log Level: Normal
Cover Children: 0
Aggregate by file: 1
Continue after C++ exception: 0
Optimized build support: 0
Export: Binary C:\Users\Alex\AppData\Local\Temp\53cyk52f.alv 
Input coverage: 
Unified diff: 
Excluded line regular expressions: 

[2018-03-21 17:33:26] [info] Module: C:\Users\Alex\Desktop\OOP\lab2-4_static\Debug\lab2-4_static.exe is selected because it matches selected pattern: C:\Users\Alex\Desktop\OOP\lab2-4_static\Debug\lab2-4_static.exe
[2018-03-21 17:33:26] [info] Module: C:\Windows\SysWOW64\ntdll.dll is skipped because it matches no selected patterns
[2018-03-21 17:33:26] [info] Module: C:\Windows\SysWOW64\kernel32.dll is skipped because it matches no selected patterns
[2018-03-21 17:33:26] [info] Module: C:\Windows\SysWOW64\KernelBase.dll is skipped because it matches no selected patterns
[2018-03-21 17:33:26] [info] Module: C:\Windows\SysWOW64\vcruntime140d.dll is skipped because it matches no selected patterns
[2018-03-21 17:33:26] [info] Module: C:\Windows\SysWOW64\ucrtbased.dll is skipped because it matches no selected patterns
[2018-03-21 17:33:26] [info] Module: C:\Windows\SysWOW64\kernel.appcore.dll is skipped because it matches no selected patterns
[2018-03-21 17:33:26] [info] Module: C:\Windows\SysWOW64\msvcrt.dll is skipped because it matches no selected patterns
[2018-03-21 17:33:26] [info] Module: C:\Windows\SysWOW64\rpcrt4.dll is skipped because it matches no selected patterns
[2018-03-21 17:33:26] [info] Module: C:\Windows\SysWOW64\sspicli.dll is skipped because it matches no selected patterns
[2018-03-21 17:33:26] [info] Module: C:\Windows\SysWOW64\cryptbase.dll is skipped because it matches no selected patterns
[2018-03-21 17:33:26] [info] Module: C:\Windows\SysWOW64\bcryptprimitives.dll is skipped because it matches no selected patterns
[2018-03-21 17:33:26] [info] Module: C:\Windows\SysWOW64\sechost.dll is skipped because it matches no selected patterns
[2018-03-21 17:33:26] [info] ----------------------------------------------------
[2018-03-21 17:33:26] [info] Coverage binary generated in file: C:\Users\Alex\AppData\Local\Temp\53cyk52f.alv
[2018-03-21 17:33:26] [info] ----------------------------------------------------
