[2018-03-23 11:32:45] [info] Start Program:
Path:"C:\Users\Alex\Desktop\OOP\lab2-4\Debug\lab2-4.exe"
Arguments:
Working directory: "C:\Users\Alex\Desktop\OOP\lab2-4\lab2-4\"
Modules: Selected: C:\Users\Alex\Desktop\OOP\lab2-4\Debug\lab2-4.exe Excluded: 
Sources: Selected: C:\Users\Alex\Desktop\OOP\lab2-4\lab2-4 Excluded: 
Log Level: Normal
Cover Children: 0
Aggregate by file: 1
Continue after C++ exception: 0
Optimized build support: 0
Export: Binary C:\Users\Alex\AppData\Local\Temp\bjhfmmdq.3j4 
Input coverage: 
Unified diff: 
Excluded line regular expressions: 

[2018-03-23 11:32:45] [info] Module: C:\Users\Alex\Desktop\OOP\lab2-4\Debug\lab2-4.exe is selected because it matches selected pattern: C:\Users\Alex\Desktop\OOP\lab2-4\Debug\lab2-4.exe
[2018-03-23 11:32:45] [info] Module: C:\Windows\SysWOW64\ntdll.dll is skipped because it matches no selected patterns
[2018-03-23 11:32:45] [info] Module: C:\Windows\SysWOW64\kernel32.dll is skipped because it matches no selected patterns
[2018-03-23 11:32:45] [info] Module: C:\Windows\SysWOW64\KernelBase.dll is skipped because it matches no selected patterns
[2018-03-23 11:32:45] [info] Module: C:\Windows\SysWOW64\vcruntime140d.dll is skipped because it matches no selected patterns
[2018-03-23 11:32:45] [info] Module: C:\Windows\SysWOW64\ucrtbased.dll is skipped because it matches no selected patterns
[2018-03-23 11:32:45] [info] Module: C:\Windows\SysWOW64\kernel.appcore.dll is skipped because it matches no selected patterns
[2018-03-23 11:32:45] [info] Module: C:\Windows\SysWOW64\msvcrt.dll is skipped because it matches no selected patterns
[2018-03-23 11:32:45] [info] Module: C:\Windows\SysWOW64\rpcrt4.dll is skipped because it matches no selected patterns
[2018-03-23 11:32:45] [info] Module: C:\Windows\SysWOW64\sspicli.dll is skipped because it matches no selected patterns
[2018-03-23 11:32:45] [info] Module: C:\Windows\SysWOW64\cryptbase.dll is skipped because it matches no selected patterns
[2018-03-23 11:32:45] [info] Module: C:\Windows\SysWOW64\bcryptprimitives.dll is skipped because it matches no selected patterns
[2018-03-23 11:32:45] [info] Module: C:\Windows\SysWOW64\sechost.dll is skipped because it matches no selected patterns
[2018-03-23 11:32:45] [info] ----------------------------------------------------
[2018-03-23 11:32:45] [info] Coverage binary generated in file: C:\Users\Alex\AppData\Local\Temp\bjhfmmdq.3j4
[2018-03-23 11:32:45] [info] ----------------------------------------------------
